<?xml version="1.0" encoding="UTF-8"?>
<!-- Generated by org.testng.reporters.JUnitXMLReporter -->
<testsuite hostname="DESKTOP-U4OMEBF" ignored="0" name="learning testNG" tests="1" failures="0" timestamp="28 May 2018 10:55:46 GMT" time="0.039" errors="0">
  <testcase name="@BeforeSuite setUp" time="0.0" classname="automationFramework.FirstTestCase">
    <failure type="org.testng.TestNGException" message="
Parameter &amp;apos;browser&amp;apos; is required by BeforeSuite on method setUp but has not been marked @Optional or defined
in C:\Users\Convidad01\QAEnvironment\TestProject\testng.xml">
      <![CDATA[org.testng.TestNGException: 
Parameter 'browser' is required by BeforeSuite on method setUp but has not been marked @Optional or defined
in C:\Users\Convidad01\QAEnvironment\TestProject\testng.xml
... Removed 16 stack frames]]>
    </failure>
  </testcase> <!-- @BeforeSuite setUp -->
  <testcase name="getTitle" time="0.0" classname="automationFramework.FirstTestCase">
    <skipped/>
  </testcase> <!-- getTitle -->
</testsuite> <!-- learning testNG -->
